<?xml version="1.0" encoding="UTF-8"?>
<!-- Generated by org.testng.reporters.JUnitReportReporter -->
<testsuite skipped="0" hostname="LAPTOP-N8ICA1Q5" name="com.utility.CommonUtils" tests="1" failures="0" timestamp="2021-10-29T14:38:07 IST" time="0.079" errors="0">
  <testcase name="test1" time="0.079" classname="com.utility.CommonUtils"/>
  <system-out/>
</testsuite> <!-- com.utility.CommonUtils -->
