<?xml version="1.0" encoding="UTF-8"?>
<!-- Generated by org.testng.reporters.JUnitReportReporter -->
<testsuite skipped="0" hostname="LAPTOP-N8ICA1Q5" name="com.PageDistribution.tests.DashboardPageTest" tests="15" failures="0" timestamp="2021-10-30T19:37:50 IST" time="46.189" errors="0">
  <testcase name="checkTitle" time="2.855" classname="com.PageDistribution.tests.DashboardPageTest"/>
  <system-out/>
  <testcase name="checkCurrentURL" time="2.476" classname="com.PageDistribution.tests.DashboardPageTest"/>
  <system-out/>
  <testcase name="checkLabel" time="2.749" classname="com.PageDistribution.tests.DashboardPageTest"/>
  <system-out/>
  <testcase name="checkLabel1" time="2.532" classname="com.PageDistribution.tests.DashboardPageTest"/>
  <system-out/>
  <testcase name="checkLink" time="2.918" classname="com.PageDistribution.tests.DashboardPageTest"/>
  <system-out/>
  <testcase name="checkCourseList" time="3.043" classname="com.PageDistribution.tests.DashboardPageTest"/>
  <system-out/>
  <testcase name="checkCourseDetails" time="2.707" classname="com.PageDistribution.tests.DashboardPageTest"/>
  <system-out/>
  <testcase name="checkCourseLink" time="2.580" classname="com.PageDistribution.tests.DashboardPageTest"/>
  <system-out/>
  <testcase name="checkFooterLink" time="7.847" classname="com.PageDistribution.tests.DashboardPageTest"/>
  <system-out/>
  <testcase name="checkSideBarMenuLinks" time="2.643" classname="com.PageDistribution.tests.DashboardPageTest"/>
  <system-out/>
  <testcase name="checkUsersLinkMenu" time="2.903" classname="com.PageDistribution.tests.DashboardPageTest"/>
  <system-out/>
  <testcase name="checkOperatorsLinkMenu" time="2.827" classname="com.PageDistribution.tests.DashboardPageTest"/>
  <system-out/>
  <testcase name="checkUsefulLinksMenu" time="2.675" classname="com.PageDistribution.tests.DashboardPageTest"/>
  <system-out/>
  <testcase name="checkDownloadsLinkMenu" time="2.758" classname="com.PageDistribution.tests.DashboardPageTest"/>
  <system-out/>
  <testcase name="checkLogoutLink" time="2.676" classname="com.PageDistribution.tests.DashboardPageTest"/>
  <system-out/>
</testsuite> <!-- com.PageDistribution.tests.DashboardPageTest -->
