<?xml version="1.0" encoding="UTF-8"?>
<!-- Generated by org.testng.reporters.JUnitReportReporter -->
<testsuite skipped="0" hostname="LAPTOP-N8ICA1Q5" name="com.PageDistribution.tests.LoginPageTest" tests="7" failures="0" timestamp="2021-10-30T19:37:50 IST" time="16.841" errors="0">
  <testcase name="registrationPage" time="2.278" classname="com.PageDistribution.tests.LoginPageTest"/>
  <system-out/>
  <testcase name="registrationPage" time="2.681" classname="com.PageDistribution.tests.LoginPageTest"/>
  <system-out/>
  <testcase name="registrationPage" time="2.257" classname="com.PageDistribution.tests.LoginPageTest"/>
  <system-out/>
  <testcase name="checkCrediantialsPassword" time="3.555" classname="com.PageDistribution.tests.LoginPageTest"/>
  <system-out/>
  <testcase name="verifyTitle" time="1.699" classname="com.PageDistribution.tests.LoginPageTest"/>
  <system-out/>
  <testcase name="verifyImage" time="1.744" classname="com.PageDistribution.tests.LoginPageTest"/>
  <system-out/>
  <testcase name="checkValidCredentials" time="2.627" classname="com.PageDistribution.tests.LoginPageTest"/>
  <system-out/>
</testsuite> <!-- com.PageDistribution.tests.LoginPageTest -->
