<?xml version="1.0" encoding="UTF-8"?>
<!-- Generated by org.testng.reporters.JUnitReportReporter -->
<testsuite skipped="0" hostname="LAPTOP-N8ICA1Q5" name="com.PageDistribution.tests.DownloadsPageTest" tests="1" failures="0" timestamp="2021-10-30T19:37:50 IST" time="2.738" errors="0">
  <testcase name="verifyTitle" time="2.738" classname="com.PageDistribution.tests.DownloadsPageTest"/>
  <system-out/>
</testsuite> <!-- com.PageDistribution.tests.DownloadsPageTest -->
