<?xml version="1.0" encoding="UTF-8"?>
<!-- Generated by org.testng.reporters.JUnitReportReporter -->
<testsuite skipped="0" hostname="LAPTOP-N8ICA1Q5" name="com.PageDistribution.tests.DasboardPageTest" tests="15" failures="0" timestamp="2021-10-30T10:24:05 IST" time="134.295" errors="0">
  <testcase name="checkTitle" time="7.868" classname="com.PageDistribution.tests.DasboardPageTest"/>
  <system-out/>
  <testcase name="checkCurrentURL" time="7.985" classname="com.PageDistribution.tests.DasboardPageTest"/>
  <system-out/>
  <testcase name="checkLabel" time="8.066" classname="com.PageDistribution.tests.DasboardPageTest"/>
  <system-out/>
  <testcase name="checkLabel1" time="8.123" classname="com.PageDistribution.tests.DasboardPageTest"/>
  <system-out/>
  <testcase name="checkLink" time="7.895" classname="com.PageDistribution.tests.DasboardPageTest"/>
  <system-out/>
  <testcase name="checkCourseList" time="7.820" classname="com.PageDistribution.tests.DasboardPageTest"/>
  <system-out/>
  <testcase name="checkCourseDetails" time="8.224" classname="com.PageDistribution.tests.DasboardPageTest"/>
  <system-out/>
  <testcase name="checkCourseLink" time="7.962" classname="com.PageDistribution.tests.DasboardPageTest"/>
  <system-out/>
  <testcase name="checkFooterLink" time="12.940" classname="com.PageDistribution.tests.DasboardPageTest"/>
  <system-out/>
  <testcase name="checkSideBarMenuLinks" time="11.855" classname="com.PageDistribution.tests.DasboardPageTest"/>
  <system-out/>
  <testcase name="checkUsersLinkMenu" time="7.817" classname="com.PageDistribution.tests.DasboardPageTest"/>
  <system-out/>
  <testcase name="checkOperatorsLinkMenu" time="7.972" classname="com.PageDistribution.tests.DasboardPageTest"/>
  <system-out/>
  <testcase name="checkUsefulLinksMenu" time="7.792" classname="com.PageDistribution.tests.DasboardPageTest"/>
  <system-out/>
  <testcase name="checkDownloadsLinkMenu" time="14.090" classname="com.PageDistribution.tests.DasboardPageTest"/>
  <system-out/>
  <testcase name="checkLogoutLink" time="7.886" classname="com.PageDistribution.tests.DasboardPageTest"/>
  <system-out/>
</testsuite> <!-- com.PageDistribution.tests.DasboardPageTest -->
