<?xml version="1.0" encoding="UTF-8"?>
<!-- Generated by org.testng.reporters.JUnitReportReporter -->
<testsuite skipped="0" hostname="LAPTOP-N8ICA1Q5" name="com.PageDistribution.tests.OperatorsPageTest" tests="9" failures="0" timestamp="2021-10-30T19:37:50 IST" time="27.336" errors="0">
  <testcase name="checkTitle" time="2.842" classname="com.PageDistribution.tests.OperatorsPageTest"/>
  <system-out/>
  <testcase name="verifyTableHeaderCount" time="2.963" classname="com.PageDistribution.tests.OperatorsPageTest"/>
  <system-out/>
  <testcase name="verifyTechnicalJob" time="2.951" classname="com.PageDistribution.tests.OperatorsPageTest"/>
  <system-out/>
  <testcase name="verifyWhatsAppUser" time="3.113" classname="com.PageDistribution.tests.OperatorsPageTest"/>
  <system-out/>
  <testcase name="verifyTiming" time="2.954" classname="com.PageDistribution.tests.OperatorsPageTest"/>
  <system-out/>
  <testcase name="facultyNeelamTiming" time="3.284" classname="com.PageDistribution.tests.OperatorsPageTest"/>
  <system-out/>
  <testcase name="facultyAvailable" time="3.029" classname="com.PageDistribution.tests.OperatorsPageTest"/>
  <system-out/>
  <testcase name="facultyAvailableMon_Sat" time="3.398" classname="com.PageDistribution.tests.OperatorsPageTest"/>
  <system-out/>
  <testcase name="facultyNeelamFor" time="2.802" classname="com.PageDistribution.tests.OperatorsPageTest"/>
  <system-out/>
</testsuite> <!-- com.PageDistribution.tests.OperatorsPageTest -->
