<?xml version="1.0" encoding="UTF-8"?>
<!-- Generated by org.testng.reporters.JUnitReportReporter -->
<testsuite skipped="0" hostname="LAPTOP-N8ICA1Q5" name="com.PageDistribution.tests.LoginTest" tests="1" failures="0" timestamp="27 Oct 2021 04:08:33 GMT" time="3.589" errors="0">
  <testcase name="checkValidCredentials" time="3.589" classname="com.PageDistribution.tests.LoginTest"/>
</testsuite> <!-- com.PageDistribution.tests.LoginTest -->
