<?xml version="1.0" encoding="UTF-8"?>
<!-- Generated by org.testng.reporters.JUnitReportReporter -->
<testsuite skipped="0" hostname="LAPTOP-N8ICA1Q5" name="com.PageDistribution.tests.UsefulLinksPageTest" tests="6" failures="0" timestamp="2021-10-30T19:37:50 IST" time="17.237" errors="0">
  <testcase name="goBtn1Click" time="2.894" classname="com.PageDistribution.tests.UsefulLinksPageTest"/>
  <system-out/>
  <testcase name="goBtn2Click" time="2.850" classname="com.PageDistribution.tests.UsefulLinksPageTest"/>
  <system-out/>
  <testcase name="goBtn3Click" time="2.818" classname="com.PageDistribution.tests.UsefulLinksPageTest"/>
  <system-out/>
  <testcase name="goBtn4Click" time="2.933" classname="com.PageDistribution.tests.UsefulLinksPageTest"/>
  <system-out/>
  <testcase name="goBtn5Click" time="2.874" classname="com.PageDistribution.tests.UsefulLinksPageTest"/>
  <system-out/>
  <testcase name="goBtn6Click" time="2.868" classname="com.PageDistribution.tests.UsefulLinksPageTest"/>
  <system-out/>
</testsuite> <!-- com.PageDistribution.tests.UsefulLinksPageTest -->
