<?xml version="1.0" encoding="UTF-8"?>
<!-- Generated by org.testng.reporters.JUnitReportReporter -->
<testsuite skipped="0" hostname="LAPTOP-N8ICA1Q5" name="com.utility.ExcelUtility" tests="1" failures="0" timestamp="2021-10-28T22:53:44 IST" time="0.480" errors="0">
  <testcase name="test" time="0.480" classname="com.utility.ExcelUtility"/>
  <system-out/>
</testsuite> <!-- com.utility.ExcelUtility -->
